0 info it worked if it ends with ok
1 verbose cli [ 'node', '/usr/bin/npm', 'publish', './' ]
2 info using npm@2.10.0
3 info using node@v0.12.3
4 verbose publish [ './' ]
5 silly cache add args [ './', null ]
6 verbose cache add spec ./
7 silly cache add parsed spec { raw: './',
7 silly cache add   scope: null,
7 silly cache add   name: null,
7 silly cache add   rawSpec: './',
7 silly cache add   spec: '/home/ranjan/Projects/normalize-scss-vanilla',
7 silly cache add   type: 'directory' }
8 verbose addLocalDirectory /home/ranjan/.npm/node-normalize-scss/1.0.0/package.tgz not in flight; packing
9 verbose tar pack [ '/home/ranjan/.npm/node-normalize-scss/1.0.0/package.tgz',
9 verbose tar pack   '/home/ranjan/Projects/normalize-scss-vanilla' ]
10 verbose tarball /home/ranjan/.npm/node-normalize-scss/1.0.0/package.tgz
11 verbose folder /home/ranjan/Projects/normalize-scss-vanilla
12 info prepublish node-normalize-scss@1.0.0
13 verbose addLocalTarball adding from inside cache /home/ranjan/.npm/node-normalize-scss/1.0.0/package.tgz
14 silly cache afterAdd node-normalize-scss@1.0.0
15 verbose afterAdd /home/ranjan/.npm/node-normalize-scss/1.0.0/package/package.json not in flight; writing
16 verbose afterAdd /home/ranjan/.npm/node-normalize-scss/1.0.0/package/package.json written
17 silly publish { name: 'node-normalize-scss',
17 silly publish   version: '1.0.0',
17 silly publish   description: 'Normalize.css as an npm packaged, libsass module with no changes',
17 silly publish   files: [ 'LICENSE.md', '_normalize.scss' ],
17 silly publish   repository:
17 silly publish    { type: 'git',
17 silly publish      url: 'git://github.com/ranjandatta/node-normalize-scss.git' },
17 silly publish   main: 'index.js',
17 silly publish   author: { name: 'Ranjan Datta', email: 'ranjandatta@gmail.com' },
17 silly publish   license: 'MIT',
17 silly publish   readme: '# node-normalize-scss\n\n* Forked from: [github.com/akuda/normalize-scss-vanilla](http://github.com/akuda/normalize-scss-vanilla)\n\nThis is simply a renamed normalize.css file, suitable for importing with npm and libsass directly. No changes have been made to the actual file.\n\nBased on version 3.0.3\n\n### Stylesheet usage\n\nUse either method above or for your chosen task runner (gulp.js, Grunt, etc.), then in your stylesheet:\n\n```scss\n@import "normalize";\n```\n\n## gulp.js Usage\n\nUsing the [gulp-sass](https://github.com/dlmanning/gulp-sass) plugin.\n\n```javascript\nvar gulp = require(\'gulp\');\nvar sass = require(\'gulp-sass\');\n\ngulp.task(\'sass\', function () {\n  gulp.src(\'path/to/input.scss\')\n    .pipe(sass({\n      // includePaths: require(\'node-normalize-scss\').with(\'other/path\', \'another/path\')\n      // - or -\n      includePaths: require(\'node-normalize-scss\').includePaths\n    }))\n    .pipe(gulp.dest(\'path/to/output.css\'));\n});\n```\n\n## Grunt Usage\n\n### Using *grunt-sass*\n\nThe [grunt-sass](https://github.com/sindresorhus/grunt-sass) task uses\n[node-sass](https://github.com/andrew/node-sass)\n([LibSass](https://github.com/hcatlin/libsass)) underneath, and is the recommended\nway to use Grunt with node-neat.\n\nExample config:\n\n```javascript\ngrunt.initConfig({\n  sass: {\n    dist: {\n      options: {\n        // includePaths: require(\'node-normalize-scss\').with(\'other/path\', \'another/path\')\n        // - or -\n        includePaths: require(\'node-normalize-scss\').includePaths\n      },\n      files: {\n        \'path/to/output.css\': \'path/to/input.scss\'\n      }\n    }\n  }\n});\n```\n',
17 silly publish   readmeFilename: 'README.md',
17 silly publish   gitHead: 'e4d6bc3af8687cfa4cc02c8a53b0a167b0e52c85',
17 silly publish   bugs: { url: 'https://github.com/ranjandatta/node-normalize-scss/issues' },
17 silly publish   homepage: 'https://github.com/ranjandatta/node-normalize-scss#readme',
17 silly publish   _id: 'node-normalize-scss@1.0.0',
17 silly publish   scripts: {},
17 silly publish   _shasum: 'e460ed860ae250d00684763b1f224e7fb33b0867',
17 silly publish   _from: '.' }
18 verbose getPublishConfig undefined
19 silly mapToRegistry name node-normalize-scss
20 silly mapToRegistry using default registry
21 silly mapToRegistry registry https://registry.npmjs.org/
22 silly mapToRegistry uri https://registry.npmjs.org/node-normalize-scss
23 verbose publish registryBase https://registry.npmjs.org/
24 silly publish uploading /home/ranjan/.npm/node-normalize-scss/1.0.0/package.tgz
25 verbose request uri https://registry.npmjs.org/node-normalize-scss
26 verbose request sending authorization for write operation
27 info attempt registry request try #1 at 8:17:15 PM
28 verbose request using bearer token for auth
29 verbose request id 14940d110b1fa4fe
30 http request PUT https://registry.npmjs.org/node-normalize-scss
31 http 403 https://registry.npmjs.org/node-normalize-scss
32 verbose headers { 'content-type': 'application/json',
32 verbose headers   'cache-control': 'max-age=60',
32 verbose headers   'content-length': '95',
32 verbose headers   'accept-ranges': 'bytes',
32 verbose headers   date: 'Thu, 21 May 2015 03:17:16 GMT',
32 verbose headers   via: '1.1 varnish',
32 verbose headers   connection: 'keep-alive',
32 verbose headers   'x-served-by': 'cache-sjc3126-SJC',
32 verbose headers   'x-cache': 'MISS',
32 verbose headers   'x-cache-hits': '0',
32 verbose headers   'x-timer': 'S1432178236.136466,VS0,VE161' }
33 verbose request invalidating /home/ranjan/.npm/registry.npmjs.org/node-normalize-scss on PUT
34 error publish Failed PUT 403
35 verbose stack Error: "You cannot publish over the previously published version 1.0.0." : node-normalize-scss
35 verbose stack     at CachingRegistryClient.<anonymous> (/usr/lib/node_modules/npm/node_modules/npm-registry-client/lib/request.js:247:14)
35 verbose stack     at Request._callback (/usr/lib/node_modules/npm/node_modules/npm-registry-client/lib/request.js:170:14)
35 verbose stack     at Request.self.callback (/usr/lib/node_modules/npm/node_modules/request/request.js:368:22)
35 verbose stack     at Request.emit (events.js:110:17)
35 verbose stack     at Request.<anonymous> (/usr/lib/node_modules/npm/node_modules/request/request.js:1219:14)
35 verbose stack     at Request.emit (events.js:129:20)
35 verbose stack     at IncomingMessage.<anonymous> (/usr/lib/node_modules/npm/node_modules/request/request.js:1167:12)
35 verbose stack     at IncomingMessage.emit (events.js:129:20)
35 verbose stack     at _stream_readable.js:908:16
35 verbose stack     at process._tickCallback (node.js:355:11)
36 verbose statusCode 403
37 verbose pkgid node-normalize-scss
38 verbose cwd /home/ranjan/Projects/normalize-scss-vanilla
39 error Linux 4.0.3-1-ARCH
40 error argv "node" "/usr/bin/npm" "publish" "./"
41 error node v0.12.3
42 error npm  v2.10.0
43 error code E403
44 error "You cannot publish over the previously published version 1.0.0." : node-normalize-scss
45 error If you need help, you may report this error at:
45 error     <https://github.com/npm/npm/issues>
46 verbose exit [ 1, true ]
